d:\projects\computer graphics\mygame\mygame\debug\gamemain.obj
d:\projects\computer graphics\mygame\mygame\debug\vc100.pdb
d:\projects\computer graphics\mygame\debug\mygame.ilk
d:\projects\computer graphics\mygame\debug\mygame.exe
d:\projects\computer graphics\mygame\mygame\debug\mygame.exe.intermediate.manifest
d:\projects\computer graphics\mygame\debug\mygame.pdb
d:\projects\computer graphics\mygame\mygame\debug\mygame.exe.embed.manifest
d:\projects\computer graphics\mygame\mygame\debug\mygame.exe.embed.manifest.res
d:\projects\computer graphics\mygame\mygame\debug\vc120.pdb
d:\projects\computer graphics\mygame\mygame\debug\vc120.idb
d:\projects\computer graphics\mygame\mygame\debug\cl.command.1.tlog
d:\projects\computer graphics\mygame\mygame\debug\cl.read.1.tlog
d:\projects\computer graphics\mygame\mygame\debug\cl.write.1.tlog
d:\projects\computer graphics\mygame\mygame\debug\link-cvtres.read.1.tlog
d:\projects\computer graphics\mygame\mygame\debug\link-cvtres.write.1.tlog
d:\projects\computer graphics\mygame\mygame\debug\link.6412-cvtres.read.1.tlog
d:\projects\computer graphics\mygame\mygame\debug\link.6412-cvtres.write.1.tlog
d:\projects\computer graphics\mygame\mygame\debug\link.6412.read.1.tlog
d:\projects\computer graphics\mygame\mygame\debug\link.6412.write.1.tlog
d:\projects\computer graphics\mygame\mygame\debug\link.command.1.tlog
d:\projects\computer graphics\mygame\mygame\debug\link.read.1.tlog
d:\projects\computer graphics\mygame\mygame\debug\link.write.1.tlog
d:\projects\computer graphics\mygame\mygame\debug\mt.command.1.tlog
d:\projects\computer graphics\mygame\mygame\debug\mt.read.1.tlog
d:\projects\computer graphics\mygame\mygame\debug\mt.write.1.tlog
d:\projects\computer graphics\mygame\mygame\debug\mygame.write.1.tlog
d:\projects\computer graphics\mygame\mygame\debug\rc.command.1.tlog
d:\projects\computer graphics\mygame\mygame\debug\rc.read.1.tlog
d:\projects\computer graphics\mygame\mygame\debug\rc.write.1.tlog
d:\projects\computer graphics\mygame\mygame\debug\vc100.idb
d:\projects\computer graphics\mygame\mygame\debug\mygame_manifest.rc
d:\projects\computer graphics\mygame\mygame\debug\mygame.tlog\cl.command.1.tlog
d:\projects\computer graphics\mygame\mygame\debug\mygame.tlog\cl.read.1.tlog
d:\projects\computer graphics\mygame\mygame\debug\mygame.tlog\cl.write.1.tlog
d:\projects\computer graphics\mygame\mygame\debug\mygame.tlog\link-cvtres.read.1.tlog
d:\projects\computer graphics\mygame\mygame\debug\mygame.tlog\link-cvtres.write.1.tlog
d:\projects\computer graphics\mygame\mygame\debug\mygame.tlog\link-mt.read.1.tlog
d:\projects\computer graphics\mygame\mygame\debug\mygame.tlog\link-mt.write.1.tlog
d:\projects\computer graphics\mygame\mygame\debug\mygame.tlog\link-rc.read.1.tlog
d:\projects\computer graphics\mygame\mygame\debug\mygame.tlog\link-rc.write.1.tlog
d:\projects\computer graphics\mygame\mygame\debug\mygame.tlog\link.command.1.tlog
d:\projects\computer graphics\mygame\mygame\debug\mygame.tlog\link.read.1.tlog
d:\projects\computer graphics\mygame\mygame\debug\mygame.tlog\link.write.1.tlog
