d:\projects\computer graphics\mygame22\mygame22\debug\vc120.pdb
d:\projects\computer graphics\mygame22\mygame22\debug\vc120.idb
d:\projects\computer graphics\mygame22\mygame22\debug\maingame.obj
d:\projects\mygame22\mygame22\debug\vc120.pdb
d:\projects\mygame22\mygame22\debug\vc120.idb
d:\projects\mygame22\mygame22\debug\maingame.obj
d:\projects\computer graphics\mygame22\debug\mygame22.ilk
d:\projects\computer graphics\mygame22\debug\mygame22.exe
d:\projects\computer graphics\mygame22\debug\mygame22.pdb
d:\projects\mygame22\debug\mygame22.pdb
d:\projects\mygame22\mygame22\debug\mygame22.tlog\cl.command.1.tlog
d:\projects\mygame22\mygame22\debug\mygame22.tlog\cl.read.1.tlog
d:\projects\mygame22\mygame22\debug\mygame22.tlog\cl.write.1.tlog
d:\projects\mygame22\mygame22\debug\mygame22.tlog\link-cvtres.read.1.tlog
d:\projects\mygame22\mygame22\debug\mygame22.tlog\link-cvtres.write.1.tlog
d:\projects\mygame22\mygame22\debug\mygame22.tlog\link-mt.read.1.tlog
d:\projects\mygame22\mygame22\debug\mygame22.tlog\link-mt.write.1.tlog
d:\projects\mygame22\mygame22\debug\mygame22.tlog\link-rc.read.1.tlog
d:\projects\mygame22\mygame22\debug\mygame22.tlog\link-rc.write.1.tlog
d:\projects\mygame22\mygame22\debug\mygame22.tlog\link.2976-cvtres.read.1.tlog
d:\projects\mygame22\mygame22\debug\mygame22.tlog\link.2976-cvtres.write.1.tlog
d:\projects\mygame22\mygame22\debug\mygame22.tlog\link.2976-mt.read.1.tlog
d:\projects\mygame22\mygame22\debug\mygame22.tlog\link.2976-mt.write.1.tlog
d:\projects\mygame22\mygame22\debug\mygame22.tlog\link.2976-rc.read.1.tlog
d:\projects\mygame22\mygame22\debug\mygame22.tlog\link.2976-rc.write.1.tlog
d:\projects\mygame22\mygame22\debug\mygame22.tlog\link.2976.read.1.tlog
d:\projects\mygame22\mygame22\debug\mygame22.tlog\link.2976.write.1.tlog
d:\projects\mygame22\mygame22\debug\mygame22.tlog\link.command.1.tlog
d:\projects\mygame22\mygame22\debug\mygame22.tlog\link.read.1.tlog
d:\projects\mygame22\mygame22\debug\mygame22.tlog\link.write.1.tlog
